  baseGame.cpp
C:\Users\s209058\source\repos\PhysicsCPlusPlus\PhysicsPlusPlus\baseGame.cpp(37,20): warning C4018: '<': signed/unsigned mismatch
C:\Users\s209058\source\repos\PhysicsCPlusPlus\PhysicsPlusPlus\baseGame.cpp(49,20): warning C4018: '<': signed/unsigned mismatch
C:\Users\s209058\source\repos\PhysicsCPlusPlus\PhysicsPlusPlus\baseGame.cpp(50,46): warning C4244: 'argument': conversion from 'const T' to 'int', possible loss of data
          with
          [
              T=float
          ]
C:\Users\s209058\source\repos\PhysicsCPlusPlus\PhysicsPlusPlus\baseGame.cpp(50,28): warning C4244: 'argument': conversion from 'const T' to 'int', possible loss of data
          with
          [
              T=float
          ]
  demoGame.cpp
  main.cpp
  physObject.cpp
C:\Users\s209058\source\repos\PhysicsCPlusPlus\PhysicsPlusPlus\physObject.cpp(58,18): error C2450: switch expression of type 'shape' is illegal
C:\Users\s209058\source\repos\PhysicsCPlusPlus\PhysicsPlusPlus\physObject.cpp(58,9): message : No user-defined-conversion operator available that can perform this conversion, or the operator cannot be called
C:\Users\s209058\source\repos\PhysicsCPlusPlus\PhysicsPlusPlus\physObject.cpp(59,23): error C2440: 'type cast': cannot convert from 'shapeType' to 'int'
C:\Users\s209058\source\repos\PhysicsCPlusPlus\PhysicsPlusPlus\physObject.cpp(59,19): message : This conversion requires an explicit cast (static_cast, C-style cast or function-style cast)
C:\Users\s209058\source\repos\PhysicsCPlusPlus\PhysicsPlusPlus\physObject.cpp(59,3): error C2046: illegal case
C:\Users\s209058\source\repos\PhysicsCPlusPlus\PhysicsPlusPlus\physObject.cpp(60,28): error C2065: 'RED': undeclared identifier
C:\Users\s209058\source\repos\PhysicsCPlusPlus\PhysicsPlusPlus\physObject.cpp(60,4): error C3861: 'DrawPixel': identifier not found
C:\Users\s209058\source\repos\PhysicsCPlusPlus\PhysicsPlusPlus\physObject.cpp(62,25): error C2440: 'type cast': cannot convert from 'shapeType' to 'int'
C:\Users\s209058\source\repos\PhysicsCPlusPlus\PhysicsPlusPlus\physObject.cpp(62,19): message : This conversion requires an explicit cast (static_cast, C-style cast or function-style cast)
C:\Users\s209058\source\repos\PhysicsCPlusPlus\PhysicsPlusPlus\physObject.cpp(62,3): error C2046: illegal case
C:\Users\s209058\source\repos\PhysicsCPlusPlus\PhysicsPlusPlus\physObject.cpp(63,33): error C2065: 'GREEN': undeclared identifier
C:\Users\s209058\source\repos\PhysicsCPlusPlus\PhysicsPlusPlus\physObject.cpp(63,4): error C3861: 'DrawCircle': identifier not found
C:\Users\s209058\source\repos\PhysicsCPlusPlus\PhysicsPlusPlus\physObject.cpp(65,23): error C2440: 'type cast': cannot convert from 'shapeType' to 'int'
C:\Users\s209058\source\repos\PhysicsCPlusPlus\PhysicsPlusPlus\physObject.cpp(65,19): message : This conversion requires an explicit cast (static_cast, C-style cast or function-style cast)
C:\Users\s209058\source\repos\PhysicsCPlusPlus\PhysicsPlusPlus\physObject.cpp(65,3): error C2046: illegal case
C:\Users\s209058\source\repos\PhysicsCPlusPlus\PhysicsPlusPlus\physObject.cpp(66,36): error C2065: 'YELLOW': undeclared identifier
C:\Users\s209058\source\repos\PhysicsCPlusPlus\PhysicsPlusPlus\physObject.cpp(66,4): error C3861: 'DrawRectangle': identifier not found
C:\Users\s209058\source\repos\PhysicsCPlusPlus\PhysicsPlusPlus\physObject.cpp(68,23): error C2440: 'type cast': cannot convert from 'shapeType' to 'int'
C:\Users\s209058\source\repos\PhysicsCPlusPlus\PhysicsPlusPlus\physObject.cpp(68,19): message : This conversion requires an explicit cast (static_cast, C-style cast or function-style cast)
C:\Users\s209058\source\repos\PhysicsCPlusPlus\PhysicsPlusPlus\physObject.cpp(68,3): error C2046: illegal case
C:\Users\s209058\source\repos\PhysicsCPlusPlus\PhysicsPlusPlus\physObject.cpp(73,2): warning C4065: switch statement contains 'default' but no 'case' labels
  Generating Code...
