c:\users\s209058\source\repos\physics\physicscplusplus\physicsplusplus\debug\vc142.pdb
c:\users\s209058\source\repos\physics\physicscplusplus\physicsplusplus\debug\vc142.idb
c:\users\s209058\source\repos\physics\physicscplusplus\physicsplusplus\debug\source.obj
c:\users\s209058\source\repos\physics\physicscplusplus\physicsplusplus\debug\shapes.obj
c:\users\s209058\source\repos\physics\physicscplusplus\physicsplusplus\debug\physobject.obj
c:\users\s209058\source\repos\physics\physicscplusplus\physicsplusplus\debug\main.obj
c:\users\s209058\source\repos\physics\physicscplusplus\physicsplusplus\debug\demogame.obj
c:\users\s209058\source\repos\physics\physicscplusplus\physicsplusplus\debug\basegame.obj
c:\users\s209058\source\repos\physics\physicscplusplus\debug\physicsplusplus.exe
c:\users\s209058\source\repos\physics\physicscplusplus\debug\physicsplusplus.pdb
c:\users\s209058\source\repos\physics\physicscplusplus\physicsplusplus\debug\physicsplusplus.tlog\cl.command.1.tlog
c:\users\s209058\source\repos\physics\physicscplusplus\physicsplusplus\debug\physicsplusplus.tlog\cl.read.1.tlog
c:\users\s209058\source\repos\physics\physicscplusplus\physicsplusplus\debug\physicsplusplus.tlog\cl.write.1.tlog
c:\users\s209058\source\repos\physics\physicscplusplus\physicsplusplus\debug\physicsplusplus.tlog\link.3308.delete.1.tlog
c:\users\s209058\source\repos\physics\physicscplusplus\physicsplusplus\debug\physicsplusplus.tlog\link.35340.delete.1.tlog
c:\users\s209058\source\repos\physics\physicscplusplus\physicsplusplus\debug\physicsplusplus.tlog\link.37340.delete.1.tlog
c:\users\s209058\source\repos\physics\physicscplusplus\physicsplusplus\debug\physicsplusplus.tlog\link.39320.delete.1.tlog
c:\users\s209058\source\repos\physics\physicscplusplus\physicsplusplus\debug\physicsplusplus.tlog\link.command.1.tlog
c:\users\s209058\source\repos\physics\physicscplusplus\physicsplusplus\debug\physicsplusplus.tlog\link.read.1.tlog
c:\users\s209058\source\repos\physics\physicscplusplus\physicsplusplus\debug\physicsplusplus.tlog\link.write.1.tlog
